    1  ls /
    2  ls / user
    3  ls /usr
    4  pwd
    5  cd /root
    6  pwd
    7  cd usr
    8  cd /usr
    9  pwd
   10  cd /home
   11  pwd
   12  mkdir test1
   13  ls
   14  cd /home
   15  mkdir test2/test3
   16  mkdir -p test2/test3
   17  ls test2
   18  touch test1/index.php
   19  ls test1
   20  cd /home/test1 && ls
   21  cd /home/test1
   22  cp index.php copy.php
   23  ls
   24  cd /home
   25  cp -r test1 test4
   26  ls
   27  ls test4
   28  cd /home
   29  mv test2/test3 test3
   30  ls
   31  cd /home
   32  mv test4 test1_copy
   33  ls
   34  cd /home
   35  ls test1
   36  rm test1/copy.php
   37  ls test1
   38  cd /home
   39  rm -r test3
   40  ls
   41  cd /home
   42  rm test1_copy/*.php
   43  ls test1_copy
   44  cd /home
   45  echo '# Hello World' > README.md
   46  cat README.md
   47  echo '# Server Lesson' > README.md
   48  cat README.md
   49  cd /home
   50  echo 'Linux Practice' >> README.md
   51  echo '-----------------' >> README.md
   52  cat README.md
   53  cd /home
   54  vi README.md
   55  vi README.md
   56  vi README.md
   57  cat README.md
   58  vi README.md
   59  cat README.md
   60  cd /root
   61  pwd
   62  mkdir server_lesson && cd server_lesson
   63  yum update -y && yum -y install git
   64  git status
   65  git version
   66  git init
   67  touch first.txt
   68  ls /server_lesson
   69  mkdir linux_practice1/public
   70  mkdir -p linux_practice1/public
   71  ls linux_practice1
   72  touch public/index.php
   73  pwd
   74  cd server_lesson
   75  touch public/index.php
   76  cd public
   77  cd linux_practice1
   78  touch public/index.php
   79  pwd
   80  ls
   81  ls public
   82  cd linux_practice/public
   83  cd public
   84  cp index.php index_bk.php
   85  ls
   86  cd linux_practice
   87  cd
   88  cd server_lesson
   89  cd linux_practice
   90  cd linux_practice1
   91  cd public
   92  cd linux_practice1
   93  cd
   94  cd server_lesson
   95  cd linux_practice1
   96  cp -r public tmp
   97  ls
   98  ls public
   99  ls tmp
  100  rm tmp/index_bk.php
  101  ls tmp
  102  touch README.md
  103  ls
  104  vi READE.me
  105  cat READE.me
  106  vi READE.me
  107  cat READE.me
  108  git status
  109  cd
  110  cd server_lesson
  111* mkdir -p linux_practice2/documen
  112  cd linux_practice2
  113  is
  114  ls
  115  cd
  116  cd server_lesson
  117  cd linux_practice1
  118  cd
  119  cd server_lesson
  120  cd linux_practice2
  121  cd documents
  122  touch gizumo{01..50}.md
  123  ls
  124  cd ../linux_practice2
  125  cd ../linux_practice2
  126  cd
  127  cd server_lesson/linux_practice2
  128  mkdir trash
  129  mkdir trash/documents
  130  mv documents/gizumo20.md documents/gizumo40.md trash/documents/
  131  ls trash
  132  ls documents
  133  cd trash/documents
  134  ls
  135  cd
  136  cd server_lesson/linux_practice1
  137  cd
  138  cd server_lesson
  139  vi READE.me
  140  cd linux_practice1
  141  vi READE.me
  142  vi READ
  143  vi README.md 
  144  vi READE.me 
  145  vi READE.me 
  146  vi READE.me 
  147  cat READE.me 
  148  vi READE.me 
  149  vi ~/.vimrc
  150  vi READE.me 
  151  vi ~/.vimrc
  152  cat ~/.vimrc 
  153  vi READE.me 
  154  rm README.md 
  155  ls
  156  mv READE.me README.md
  157  ls
  158  cat README.md 
  159  vi README.md
  160  cd
  161  cd server_lesson/linux_practice2
  162  cd documents
  163  cd
  164  cd server_lesson
  165  mv linux_practice1 README.md/server_lesson
  166  mv linux_practice1/README.md ./
  167  ls
  168  cd
  169  cd server_lesson/linux_practice2
  170  cd documents
  171  cd ../
  172  mv documents/gizumo{20..40}.md trash
  173  ls documents
  174  ls -al
  175  ls -al documents
  176  ls -al trash
  177  ls trash/documents
  178  mv trash/documents/gizumo20.md  gizumo40.md
  179  ls trash/documents
  180  ls -al
  181  ls -al trash
  182  mv trash/documents/gizumo20.md  gizumo40.md trash
  183  ls -al trash
  184  mv documents/gizumo20.md  gizumo40.md trash
  185  mv trash/documents/gizumo20.md trash
  186  ls documents
  187  ls trash
  188  ls trash/documents
  189  ls trash
  190  ls documents
  191  ls -al
  192  ls -al documents
  193  ls -al trash
  194  ls -al trash/documents
  195  mv documents/gizumo20.md  gizumo40.md trash
  196  mv documents/gizumo40.md trash
  197  ls -al trash/documents
  198  find -name "gizumo20.md"
  199  ls trash/documents 
  200  mv gizumo40.md/gizumo20.md trash
  201  ls gizumo40.md
  202  ls trash
  203  cd documents
  204  touch gizumo20.md
  205  ls
  206  cd ../
  207  mv documents/gizumo20.md trash
  208  ls trash
  209  rm trash/documents
  210  y
  211  cd trash
  212  rm -r documents
  213  ls
  214  cd ../
  215  ls
  216  touch .gitignore
  217  vi .gitignore
  218  mkdir exec_command.log
  219  ls
  220  history 300 > exec_command.log
  221  cat exec_command.log
  222  history 300 > exec_command.log
  223  rm exec_command.log
  224  ls
  225  rm -r exec_command.log
  226  ls
  227  history 300 > exec_command.log
